[2023-03-08T21:42:29.909] [DEBUG] default - Some debug messages
[2023-03-08T21:43:47.327] [DEBUG] default - Some debug messages
[2023-03-08T21:44:41.138] [DEBUG] default - Some debug messages
[2023-03-08T21:45:29.602] [DEBUG] default - Some debug messages
[2023-03-08T21:48:53.494] [DEBUG] default - Some debug messages
[2023-03-08T21:49:23.506] [DEBUG] default - Some debug messages
[2023-03-08T21:50:16.104] [DEBUG] default - Some debug messages
[2023-03-08T21:50:22.963] [DEBUG] default - 未知错误 TypeError: Invalid schema configuration: `Function Date() { [native code] }` is not a valid type at path `createdate`. See https://bit.ly/mongoose-schematypes for a list of valid schema types.
    at Schema.interpretAsType (/Users/hanhongguang/Documents/个人项目/Financial/node_modules/mongoose/lib/schema.js:1340:11)
    at Schema.path (/Users/hanhongguang/Documents/个人项目/Financial/node_modules/mongoose/lib/schema.js:963:27)
    at Schema.add (/Users/hanhongguang/Documents/个人项目/Financial/node_modules/mongoose/lib/schema.js:634:12)
    at new Schema (/Users/hanhongguang/Documents/个人项目/Financial/node_modules/mongoose/lib/schema.js:133:10)
    at Object.<anonymous> (/Users/hanhongguang/Documents/个人项目/Financial/src/models/income/incometype.js:10:26)
    at Module._compile (node:internal/modules/cjs/loader:1103:14)
    at Object.Module._extensions..js (node:internal/modules/cjs/loader:1157:10)
    at Module.load (node:internal/modules/cjs/loader:981:32)
    at Function.Module._load (node:internal/modules/cjs/loader:822:12)
    at Module.require (node:internal/modules/cjs/loader:1005:19)
[2023-03-08T21:50:32.594] [DEBUG] default - Some debug messages
[2023-03-08T21:50:39.759] [DEBUG] default - Some debug messages
